<?xml version="1.0" encoding="UTF-8"?>
<!-- Generated by org.testng.reporters.JUnitXMLReporter -->
<testsuite ignored="0" hostname="DESKTOP-PTOI1NR" failures="0" tests="3" name="Test12" time="0.124" errors="0" timestamp="2021-08-11T11:24:30 IST">
  <testcase classname="test.testClassAmazon" name="@BeforeTest launchBrwser" time="-1.62866126998E9">
    <failure type="org.testng.TestNGException" message="
Parameter &amp;apos;browser&amp;apos; is required by BeforeTest on method launchBrwser but has not been marked @Optional or defined
in D:\eclips programs\newfunction\testng.xml">
      <![CDATA[org.testng.TestNGException: 
Parameter 'browser' is required by BeforeTest on method launchBrwser but has not been marked @Optional or defined
in D:\eclips programs\newfunction\testng.xml
... Removed 21 stack frames]]>
    </failure>
  </testcase> <!-- @BeforeTest launchBrwser -->
  <testcase classname="test.testclass1" name="@BeforeTest launchBrwser" time="-1.628661270007E9">
    <skipped/>
  </testcase> <!-- @BeforeTest launchBrwser -->
  <testcase classname="test.testclass1" name="@BeforeClass beforeMethod" time="-1.628661270035E9">
    <skipped/>
  </testcase> <!-- @BeforeClass beforeMethod -->
  <testcase classname="test.testclass1" name="@BeforeMethod launcurl" time="-1.628661270056E9">
    <skipped/>
  </testcase> <!-- @BeforeMethod launcurl -->
  <testcase classname="test.testclass1" name="@AfterMethod logOutMethod" time="-1.628661270066E9">
    <skipped/>
  </testcase> <!-- @AfterMethod logOutMethod -->
  <testcase classname="test.testclass1" name="@BeforeMethod launcurl" time="-1.628661270069E9">
    <skipped/>
  </testcase> <!-- @BeforeMethod launcurl -->
  <testcase classname="test.testclass1" name="@AfterMethod logOutMethod" time="-1.628661270075E9">
    <skipped/>
  </testcase> <!-- @AfterMethod logOutMethod -->
  <testcase classname="test.testClassAmazon" name="@BeforeClass beforeClass" time="-1.62866127008E9">
    <skipped/>
  </testcase> <!-- @BeforeClass beforeClass -->
  <testcase classname="test.testClassAmazon" name="@BeforeMethod enterUrl" time="-1.628661270082E9">
    <skipped/>
  </testcase> <!-- @BeforeMethod enterUrl -->
  <testcase classname="test.testClassAmazon" name="@AfterMethod end" time="-1.628661270087E9">
    <skipped/>
  </testcase> <!-- @AfterMethod end -->
  <testcase classname="test.testclass1" name="@AfterTest end" time="-1.62866127009E9">
    <skipped/>
  </testcase> <!-- @AfterTest end -->
  <testcase classname="test.testclass1" name="dmtest" time="0.0">
    <skipped/>
  </testcase> <!-- dmtest -->
  <testcase classname="test.testclass1" name="loginandtest" time="0.0">
    <skipped/>
  </testcase> <!-- loginandtest -->
  <testcase classname="test.testClassAmazon" name="login" time="0.0">
    <skipped/>
  </testcase> <!-- login -->
</testsuite> <!-- Test12 -->
