<?xml version="1.0" encoding="UTF-8"?>
<!-- Generated by org.testng.reporters.JUnitXMLReporter -->
<testsuite ignored="1" hostname="DESKTOP-PTOI1NR" failures="0" tests="1" name="Default test(failed)" time="0.079" errors="0" timestamp="2021-08-11T13:09:10 IST">
  <testcase classname="test.testclass1" name="@BeforeTest launchBrwser" time="-1.628667550077E9">
    <failure type="org.testng.TestNGException" message="
Parameter &amp;apos;browser&amp;apos; is required by BeforeTest on method launchBrwser but has not been marked @Optional or defined
in D:\eclips programs\newfunction\test-output\Default suite\testng-failed.xml">
      <![CDATA[org.testng.TestNGException: 
Parameter 'browser' is required by BeforeTest on method launchBrwser but has not been marked @Optional or defined
in D:\eclips programs\newfunction\test-output\Default suite\testng-failed.xml
... Removed 21 stack frames]]>
    </failure>
  </testcase> <!-- @BeforeTest launchBrwser -->
  <testcase classname="test.testclass1" name="@BeforeClass beforeMethod" time="-1.62866755011E9">
    <skipped/>
  </testcase> <!-- @BeforeClass beforeMethod -->
  <testcase classname="test.testclass1" name="@BeforeMethod launcurl" time="-1.628667550127E9">
    <skipped/>
  </testcase> <!-- @BeforeMethod launcurl -->
  <testcase classname="test.testclass1" name="@AfterMethod logOutMethod" time="-1.628667550137E9">
    <skipped/>
  </testcase> <!-- @AfterMethod logOutMethod -->
  <testcase classname="test.testclass1" name="@AfterTest end" time="-1.628667550143E9">
    <skipped/>
  </testcase> <!-- @AfterTest end -->
  <testcase classname="test.testclass1" name="loginandtest" time="0.0">
    <skipped/>
  </testcase> <!-- loginandtest -->
  <testcase classname="test.testclass1" name="dmtest" time="0.0">
    <ignored/>
  </testcase> <!-- dmtest -->
</testsuite> <!-- Default test(failed) -->
